2022-09-14 10:32:51,922 [Worker-0: Loading available Gradle versions] INFO  o.e.b.c.i.u.g.PublishedGradleVersions - Gradle version information cache is up-to-date. Trying to read.
2022-09-14 10:41:17,224 [Worker-27: Creating maven-archetype-quickstart] INFO  o.e.m.c.i.p.ProjectConfigurationManager - Collecting project info '/pom.xml' C:\Users\sunilg\eclipse-workspace11\JsonPartsOnly\JsonProjects\pom.xml
2022-09-14 10:41:20,677 [Worker-27: Creating maven-archetype-quickstart] INFO  o.e.m.c.i.l.LifecycleMappingFactory - Using org.eclipse.m2e.jdt.JarLifecycleMapping lifecycle mapping for MavenProject: Infinite:JsonProjects:0.0.1-SNAPSHOT @ C:\Users\sunilg\eclipse-workspace11\JsonPartsOnly\JsonProjects\pom.xml.
2022-09-14 10:41:21,298 [Worker-27: Creating maven-archetype-quickstart] INFO  o.e.m.j.i.AbstractJavaProjectConfigurator - Adding source folder /JsonProjects/src/main/java
2022-09-14 10:41:21,302 [Worker-27: Creating maven-archetype-quickstart] INFO  o.e.m.j.i.AbstractJavaProjectConfigurator - Adding source folder /JsonProjects/src/test/java
2022-09-14 10:41:22,804 [Worker-27: Creating maven-archetype-quickstart] INFO  o.e.m.c.i.embedder.EclipseLogger - Using 'UTF-8' encoding to copy filtered resources.
2022-09-14 10:41:22,804 [Worker-27: Creating maven-archetype-quickstart] INFO  o.e.m.c.i.embedder.EclipseLogger - skip non existing resourceDirectory C:\Users\sunilg\eclipse-workspace11\JsonPartsOnly\JsonProjects\src\main\resources
2022-09-14 10:41:22,806 [Worker-27: Creating maven-archetype-quickstart] INFO  o.e.m.c.i.embedder.EclipseLogger - Using 'UTF-8' encoding to copy filtered resources.
2022-09-14 10:41:22,806 [Worker-27: Creating maven-archetype-quickstart] INFO  o.e.m.c.i.embedder.EclipseLogger - skip non existing resourceDirectory C:\Users\sunilg\eclipse-workspace11\JsonPartsOnly\JsonProjects\src\test\resources
2022-09-14 10:41:22,980 [Worker-27: Creating maven-archetype-quickstart] INFO  o.e.m.c.i.p.ProjectConfigurationManager - Imported and configured 1 project(s) in 5 sec
2022-09-14 10:41:31,221 [Worker-27: Building] INFO  o.e.m.c.i.embedder.EclipseLogger - Using 'UTF-8' encoding to copy filtered resources.
2022-09-14 10:41:31,221 [Worker-27: Building] INFO  o.e.m.c.i.embedder.EclipseLogger - skip non existing resourceDirectory C:\Users\sunilg\eclipse-workspace11\JsonPartsOnly\JsonProjects\src\main\resources
2022-09-14 10:41:31,223 [Worker-27: Building] INFO  o.e.m.c.i.embedder.EclipseLogger - Using 'UTF-8' encoding to copy filtered resources.
2022-09-14 10:41:31,223 [Worker-27: Building] INFO  o.e.m.c.i.embedder.EclipseLogger - skip non existing resourceDirectory C:\Users\sunilg\eclipse-workspace11\JsonPartsOnly\JsonProjects\src\test\resources
2022-09-14 10:42:49,137 [Worker-30: Building] INFO  o.e.m.c.i.l.LifecycleMappingFactory - Using org.eclipse.m2e.jdt.JarLifecycleMapping lifecycle mapping for MavenProject: Infinite:JsonProjects:0.0.1-SNAPSHOT @ C:\Users\sunilg\eclipse-workspace11\JsonPartsOnly\JsonProjects\pom.xml.
2022-09-14 10:42:50,157 [Worker-30: Building] INFO  o.e.m.c.i.e.AbstractTransferListenerAdapter - Downloading https://repo.maven.apache.org/maven2/junit/junit/4.10/junit-4.10.pom
2022-09-14 10:42:50,586 [Worker-30: Building] INFO  o.e.m.c.i.e.AbstractTransferListenerAdapter - Downloaded https://repo.maven.apache.org/maven2/junit/junit/4.10/junit-4.10.pom
2022-09-14 10:42:50,782 [Worker-30: Building] INFO  o.e.m.c.i.e.AbstractTransferListenerAdapter - Downloading https://repo.maven.apache.org/maven2/com/googlecode/json-simple/json-simple/1.1.1/json-simple-1.1.1.jar
2022-09-14 10:42:51,066 [Worker-30: Building] INFO  o.e.m.c.i.e.AbstractTransferListenerAdapter - Downloaded https://repo.maven.apache.org/maven2/com/googlecode/json-simple/json-simple/1.1.1/json-simple-1.1.1.jar
2022-09-14 10:42:51,143 [Worker-30: Building] INFO  o.e.m.c.i.embedder.EclipseLogger - Using 'UTF-8' encoding to copy filtered resources.
2022-09-14 10:42:51,143 [Worker-30: Building] INFO  o.e.m.c.i.embedder.EclipseLogger - skip non existing resourceDirectory C:\Users\sunilg\eclipse-workspace11\JsonPartsOnly\JsonProjects\src\main\resources
2022-09-14 10:42:51,144 [Worker-30: Building] INFO  o.e.m.c.i.embedder.EclipseLogger - Using 'UTF-8' encoding to copy filtered resources.
2022-09-14 10:42:51,144 [Worker-30: Building] INFO  o.e.m.c.i.embedder.EclipseLogger - skip non existing resourceDirectory C:\Users\sunilg\eclipse-workspace11\JsonPartsOnly\JsonProjects\src\test\resources
2022-09-14 10:42:52,374 [Worker-28: Building] INFO  o.e.m.c.i.embedder.EclipseLogger - Using 'UTF-8' encoding to copy filtered resources.
2022-09-14 10:42:52,374 [Worker-28: Building] INFO  o.e.m.c.i.embedder.EclipseLogger - skip non existing resourceDirectory C:\Users\sunilg\eclipse-workspace11\JsonPartsOnly\JsonProjects\src\main\resources
2022-09-14 10:42:52,376 [Worker-28: Building] INFO  o.e.m.c.i.embedder.EclipseLogger - Using 'UTF-8' encoding to copy filtered resources.
2022-09-14 10:42:52,376 [Worker-28: Building] INFO  o.e.m.c.i.embedder.EclipseLogger - skip non existing resourceDirectory C:\Users\sunilg\eclipse-workspace11\JsonPartsOnly\JsonProjects\src\test\resources
2022-09-14 10:42:52,730 [Worker-27: Download sources and javadoc] INFO  o.e.m.c.i.e.AbstractTransferListenerAdapter - Downloading https://repo.maven.apache.org/maven2/com/googlecode/json-simple/json-simple/1.1.1/json-simple-1.1.1-sources.jar
2022-09-14 10:42:52,977 [Worker-27: Download sources and javadoc] INFO  o.e.m.c.i.e.AbstractTransferListenerAdapter - Downloaded https://repo.maven.apache.org/maven2/com/googlecode/json-simple/json-simple/1.1.1/json-simple-1.1.1-sources.jar
2022-09-14 10:42:52,985 [Worker-27: Download sources and javadoc] INFO  o.e.m.j.internal.DownloadSourcesJob - Downloaded sources for com.googlecode.json-simple:json-simple:1.1.1
2022-09-14 10:42:53,400 [Worker-31: Building] INFO  o.e.m.c.i.embedder.EclipseLogger - Using 'UTF-8' encoding to copy filtered resources.
2022-09-14 10:42:53,400 [Worker-31: Building] INFO  o.e.m.c.i.embedder.EclipseLogger - skip non existing resourceDirectory C:\Users\sunilg\eclipse-workspace11\JsonPartsOnly\JsonProjects\src\main\resources
2022-09-14 10:42:53,400 [Worker-31: Building] INFO  o.e.m.c.i.embedder.EclipseLogger - Using 'UTF-8' encoding to copy filtered resources.
2022-09-14 10:42:53,401 [Worker-31: Building] INFO  o.e.m.c.i.embedder.EclipseLogger - skip non existing resourceDirectory C:\Users\sunilg\eclipse-workspace11\JsonPartsOnly\JsonProjects\src\test\resources
2022-09-14 10:43:29,835 [Worker-27: Building] INFO  o.e.m.c.i.embedder.EclipseLogger - Using 'UTF-8' encoding to copy filtered resources.
2022-09-14 10:43:29,835 [Worker-27: Building] INFO  o.e.m.c.i.embedder.EclipseLogger - skip non existing resourceDirectory C:\Users\sunilg\eclipse-workspace11\JsonPartsOnly\JsonProjects\src\main\resources
2022-09-14 10:43:29,836 [Worker-27: Building] INFO  o.e.m.c.i.embedder.EclipseLogger - Using 'UTF-8' encoding to copy filtered resources.
2022-09-14 10:43:29,837 [Worker-27: Building] INFO  o.e.m.c.i.embedder.EclipseLogger - skip non existing resourceDirectory C:\Users\sunilg\eclipse-workspace11\JsonPartsOnly\JsonProjects\src\test\resources
2022-09-14 10:45:01,364 [Worker-28: Building] INFO  o.e.m.c.i.embedder.EclipseLogger - Using 'UTF-8' encoding to copy filtered resources.
2022-09-14 10:45:01,364 [Worker-28: Building] INFO  o.e.m.c.i.embedder.EclipseLogger - skip non existing resourceDirectory C:\Users\sunilg\eclipse-workspace11\JsonPartsOnly\JsonProjects\src\main\resources
2022-09-14 10:45:01,364 [Worker-28: Building] INFO  o.e.m.c.i.embedder.EclipseLogger - Using 'UTF-8' encoding to copy filtered resources.
2022-09-14 10:45:01,365 [Worker-28: Building] INFO  o.e.m.c.i.embedder.EclipseLogger - skip non existing resourceDirectory C:\Users\sunilg\eclipse-workspace11\JsonPartsOnly\JsonProjects\src\test\resources
2022-09-14 10:45:59,205 [Worker-32: Building] INFO  o.e.m.c.i.embedder.EclipseLogger - Using 'UTF-8' encoding to copy filtered resources.
2022-09-14 10:45:59,205 [Worker-32: Building] INFO  o.e.m.c.i.embedder.EclipseLogger - skip non existing resourceDirectory C:\Users\sunilg\eclipse-workspace11\JsonPartsOnly\JsonProjects\src\main\resources
2022-09-14 10:45:59,207 [Worker-32: Building] INFO  o.e.m.c.i.embedder.EclipseLogger - Using 'UTF-8' encoding to copy filtered resources.
2022-09-14 10:45:59,207 [Worker-32: Building] INFO  o.e.m.c.i.embedder.EclipseLogger - skip non existing resourceDirectory C:\Users\sunilg\eclipse-workspace11\JsonPartsOnly\JsonProjects\src\test\resources
2022-09-14 10:48:35,733 [Worker-33: Building] INFO  o.e.m.c.i.embedder.EclipseLogger - Using 'UTF-8' encoding to copy filtered resources.
2022-09-14 10:48:35,734 [Worker-33: Building] INFO  o.e.m.c.i.embedder.EclipseLogger - skip non existing resourceDirectory C:\Users\sunilg\eclipse-workspace11\JsonPartsOnly\JsonProjects\src\main\resources
2022-09-14 10:48:35,735 [Worker-33: Building] INFO  o.e.m.c.i.embedder.EclipseLogger - Using 'UTF-8' encoding to copy filtered resources.
2022-09-14 10:48:35,735 [Worker-33: Building] INFO  o.e.m.c.i.embedder.EclipseLogger - skip non existing resourceDirectory C:\Users\sunilg\eclipse-workspace11\JsonPartsOnly\JsonProjects\src\test\resources
2022-09-14 10:50:15,414 [Worker-30: Building] INFO  o.e.m.c.i.embedder.EclipseLogger - Using 'UTF-8' encoding to copy filtered resources.
2022-09-14 10:50:15,414 [Worker-30: Building] INFO  o.e.m.c.i.embedder.EclipseLogger - skip non existing resourceDirectory C:\Users\sunilg\eclipse-workspace11\JsonPartsOnly\JsonProjects\src\main\resources
2022-09-14 10:50:15,416 [Worker-30: Building] INFO  o.e.m.c.i.embedder.EclipseLogger - Using 'UTF-8' encoding to copy filtered resources.
2022-09-14 10:50:15,416 [Worker-30: Building] INFO  o.e.m.c.i.embedder.EclipseLogger - skip non existing resourceDirectory C:\Users\sunilg\eclipse-workspace11\JsonPartsOnly\JsonProjects\src\test\resources
2022-09-14 10:51:25,172 [Worker-31: Building] INFO  o.e.m.c.i.embedder.EclipseLogger - Using 'UTF-8' encoding to copy filtered resources.
2022-09-14 10:51:25,173 [Worker-31: Building] INFO  o.e.m.c.i.embedder.EclipseLogger - skip non existing resourceDirectory C:\Users\sunilg\eclipse-workspace11\JsonPartsOnly\JsonProjects\src\main\resources
2022-09-14 10:51:25,173 [Worker-31: Building] INFO  o.e.m.c.i.embedder.EclipseLogger - Using 'UTF-8' encoding to copy filtered resources.
2022-09-14 10:51:25,173 [Worker-31: Building] INFO  o.e.m.c.i.embedder.EclipseLogger - skip non existing resourceDirectory C:\Users\sunilg\eclipse-workspace11\JsonPartsOnly\JsonProjects\src\test\resources
2022-09-14 10:54:06,228 [Worker-31: Building] INFO  o.e.m.c.i.embedder.EclipseLogger - Using 'UTF-8' encoding to copy filtered resources.
2022-09-14 10:54:06,228 [Worker-31: Building] INFO  o.e.m.c.i.embedder.EclipseLogger - skip non existing resourceDirectory C:\Users\sunilg\eclipse-workspace11\JsonPartsOnly\JsonProjects\src\main\resources
2022-09-14 10:54:06,228 [Worker-31: Building] INFO  o.e.m.c.i.embedder.EclipseLogger - Using 'UTF-8' encoding to copy filtered resources.
2022-09-14 10:54:06,229 [Worker-31: Building] INFO  o.e.m.c.i.embedder.EclipseLogger - skip non existing resourceDirectory C:\Users\sunilg\eclipse-workspace11\JsonPartsOnly\JsonProjects\src\test\resources
2022-09-14 10:57:56,400 [Worker-31: Building] INFO  o.e.m.c.i.embedder.EclipseLogger - Using 'UTF-8' encoding to copy filtered resources.
2022-09-14 10:57:56,400 [Worker-31: Building] INFO  o.e.m.c.i.embedder.EclipseLogger - skip non existing resourceDirectory C:\Users\sunilg\eclipse-workspace11\JsonPartsOnly\JsonProjects\src\main\resources
2022-09-14 10:57:56,401 [Worker-31: Building] INFO  o.e.m.c.i.embedder.EclipseLogger - Using 'UTF-8' encoding to copy filtered resources.
2022-09-14 10:57:56,401 [Worker-31: Building] INFO  o.e.m.c.i.embedder.EclipseLogger - skip non existing resourceDirectory C:\Users\sunilg\eclipse-workspace11\JsonPartsOnly\JsonProjects\src\test\resources
2022-09-14 10:59:23,208 [Worker-37: Building] INFO  o.e.m.c.i.embedder.EclipseLogger - Using 'UTF-8' encoding to copy filtered resources.
2022-09-14 10:59:23,208 [Worker-37: Building] INFO  o.e.m.c.i.embedder.EclipseLogger - skip non existing resourceDirectory C:\Users\sunilg\eclipse-workspace11\JsonPartsOnly\JsonProjects\src\main\resources
2022-09-14 10:59:23,209 [Worker-37: Building] INFO  o.e.m.c.i.embedder.EclipseLogger - Using 'UTF-8' encoding to copy filtered resources.
2022-09-14 10:59:23,209 [Worker-37: Building] INFO  o.e.m.c.i.embedder.EclipseLogger - skip non existing resourceDirectory C:\Users\sunilg\eclipse-workspace11\JsonPartsOnly\JsonProjects\src\test\resources
2022-09-14 11:00:15,283 [Worker-34: Building] INFO  o.e.m.c.i.embedder.EclipseLogger - Using 'UTF-8' encoding to copy filtered resources.
2022-09-14 11:00:15,283 [Worker-34: Building] INFO  o.e.m.c.i.embedder.EclipseLogger - skip non existing resourceDirectory C:\Users\sunilg\eclipse-workspace11\JsonPartsOnly\JsonProjects\src\main\resources
2022-09-14 11:00:15,284 [Worker-34: Building] INFO  o.e.m.c.i.embedder.EclipseLogger - Using 'UTF-8' encoding to copy filtered resources.
2022-09-14 11:00:15,284 [Worker-34: Building] INFO  o.e.m.c.i.embedder.EclipseLogger - skip non existing resourceDirectory C:\Users\sunilg\eclipse-workspace11\JsonPartsOnly\JsonProjects\src\test\resources
2022-09-14 11:05:32,018 [Worker-34: Building] INFO  o.e.m.c.i.embedder.EclipseLogger - Using 'UTF-8' encoding to copy filtered resources.
2022-09-14 11:05:32,019 [Worker-34: Building] INFO  o.e.m.c.i.embedder.EclipseLogger - skip non existing resourceDirectory C:\Users\sunilg\eclipse-workspace11\JsonPartsOnly\JsonProjects\src\main\resources
2022-09-14 11:05:32,019 [Worker-34: Building] INFO  o.e.m.c.i.embedder.EclipseLogger - Using 'UTF-8' encoding to copy filtered resources.
2022-09-14 11:05:32,019 [Worker-34: Building] INFO  o.e.m.c.i.embedder.EclipseLogger - skip non existing resourceDirectory C:\Users\sunilg\eclipse-workspace11\JsonPartsOnly\JsonProjects\src\test\resources
2022-09-14 11:09:57,070 [Worker-43: Building] INFO  o.e.m.c.i.embedder.EclipseLogger - Using 'UTF-8' encoding to copy filtered resources.
2022-09-14 11:09:57,070 [Worker-43: Building] INFO  o.e.m.c.i.embedder.EclipseLogger - skip non existing resourceDirectory C:\Users\sunilg\eclipse-workspace11\JsonPartsOnly\JsonProjects\src\main\resources
2022-09-14 11:09:57,071 [Worker-43: Building] INFO  o.e.m.c.i.embedder.EclipseLogger - Using 'UTF-8' encoding to copy filtered resources.
2022-09-14 11:09:57,071 [Worker-43: Building] INFO  o.e.m.c.i.embedder.EclipseLogger - skip non existing resourceDirectory C:\Users\sunilg\eclipse-workspace11\JsonPartsOnly\JsonProjects\src\test\resources
2022-09-14 11:10:57,027 [Worker-41: Building] INFO  o.e.m.c.i.embedder.EclipseLogger - Using 'UTF-8' encoding to copy filtered resources.
2022-09-14 11:10:57,028 [Worker-41: Building] INFO  o.e.m.c.i.embedder.EclipseLogger - skip non existing resourceDirectory C:\Users\sunilg\eclipse-workspace11\JsonPartsOnly\JsonProjects\src\main\resources
2022-09-14 11:10:57,029 [Worker-41: Building] INFO  o.e.m.c.i.embedder.EclipseLogger - Using 'UTF-8' encoding to copy filtered resources.
2022-09-14 11:10:57,029 [Worker-41: Building] INFO  o.e.m.c.i.embedder.EclipseLogger - skip non existing resourceDirectory C:\Users\sunilg\eclipse-workspace11\JsonPartsOnly\JsonProjects\src\test\resources
2022-09-14 11:11:14,152 [Worker-45: Building] INFO  o.e.m.c.i.embedder.EclipseLogger - Using 'UTF-8' encoding to copy filtered resources.
2022-09-14 11:11:14,153 [Worker-45: Building] INFO  o.e.m.c.i.embedder.EclipseLogger - skip non existing resourceDirectory C:\Users\sunilg\eclipse-workspace11\JsonPartsOnly\JsonProjects\src\main\resources
2022-09-14 11:11:14,153 [Worker-45: Building] INFO  o.e.m.c.i.embedder.EclipseLogger - Using 'UTF-8' encoding to copy filtered resources.
2022-09-14 11:11:14,153 [Worker-45: Building] INFO  o.e.m.c.i.embedder.EclipseLogger - skip non existing resourceDirectory C:\Users\sunilg\eclipse-workspace11\JsonPartsOnly\JsonProjects\src\test\resources
2022-09-14 11:12:04,760 [Worker-45: Building] INFO  o.e.m.c.i.embedder.EclipseLogger - Using 'UTF-8' encoding to copy filtered resources.
2022-09-14 11:12:04,761 [Worker-45: Building] INFO  o.e.m.c.i.embedder.EclipseLogger - skip non existing resourceDirectory C:\Users\sunilg\eclipse-workspace11\JsonPartsOnly\JsonProjects\src\main\resources
2022-09-14 11:12:04,762 [Worker-45: Building] INFO  o.e.m.c.i.embedder.EclipseLogger - Using 'UTF-8' encoding to copy filtered resources.
2022-09-14 11:12:04,762 [Worker-45: Building] INFO  o.e.m.c.i.embedder.EclipseLogger - skip non existing resourceDirectory C:\Users\sunilg\eclipse-workspace11\JsonPartsOnly\JsonProjects\src\test\resources
2022-09-14 11:17:37,996 [Worker-51: Building] INFO  o.e.m.c.i.embedder.EclipseLogger - Using 'UTF-8' encoding to copy filtered resources.
2022-09-14 11:17:37,996 [Worker-51: Building] INFO  o.e.m.c.i.embedder.EclipseLogger - skip non existing resourceDirectory C:\Users\sunilg\eclipse-workspace11\JsonPartsOnly\JsonProjects\src\main\resources
2022-09-14 11:17:37,996 [Worker-51: Building] INFO  o.e.m.c.i.embedder.EclipseLogger - Using 'UTF-8' encoding to copy filtered resources.
2022-09-14 11:17:37,996 [Worker-51: Building] INFO  o.e.m.c.i.embedder.EclipseLogger - skip non existing resourceDirectory C:\Users\sunilg\eclipse-workspace11\JsonPartsOnly\JsonProjects\src\test\resources
2022-09-14 11:54:48,472 [Worker-61: Building] INFO  o.e.m.c.i.embedder.EclipseLogger - Using 'UTF-8' encoding to copy filtered resources.
2022-09-14 11:54:48,472 [Worker-61: Building] INFO  o.e.m.c.i.embedder.EclipseLogger - skip non existing resourceDirectory C:\Users\sunilg\eclipse-workspace11\JsonPartsOnly\JsonProjects\src\main\resources
2022-09-14 11:54:48,473 [Worker-61: Building] INFO  o.e.m.c.i.embedder.EclipseLogger - Using 'UTF-8' encoding to copy filtered resources.
2022-09-14 11:54:48,473 [Worker-61: Building] INFO  o.e.m.c.i.embedder.EclipseLogger - skip non existing resourceDirectory C:\Users\sunilg\eclipse-workspace11\JsonPartsOnly\JsonProjects\src\test\resources
2022-09-14 12:01:31,383 [Worker-2: Loading available Gradle versions] INFO  o.e.b.c.i.u.g.PublishedGradleVersions - Gradle version information cache is up-to-date. Trying to read.
2022-09-14 12:01:33,502 [Worker-6: Building] INFO  o.e.m.c.i.embedder.EclipseLogger - Using 'UTF-8' encoding to copy filtered resources.
2022-09-14 12:01:33,504 [Worker-6: Building] INFO  o.e.m.c.i.embedder.EclipseLogger - skip non existing resourceDirectory C:\Users\sunilg\eclipse-workspace11\JsonPartsOnly\JsonProjects\src\main\resources
2022-09-14 12:01:33,508 [Worker-6: Building] INFO  o.e.m.c.i.embedder.EclipseLogger - Using 'UTF-8' encoding to copy filtered resources.
2022-09-14 12:01:33,508 [Worker-6: Building] INFO  o.e.m.c.i.embedder.EclipseLogger - skip non existing resourceDirectory C:\Users\sunilg\eclipse-workspace11\JsonPartsOnly\JsonProjects\src\test\resources
2022-09-14 12:45:41,618 [Worker-36: Building] INFO  o.e.m.c.i.embedder.EclipseLogger - Using 'UTF-8' encoding to copy filtered resources.
2022-09-14 12:45:41,618 [Worker-36: Building] INFO  o.e.m.c.i.embedder.EclipseLogger - skip non existing resourceDirectory C:\Users\sunilg\eclipse-workspace11\JsonPartsOnly\JsonProjects\src\main\resources
2022-09-14 12:45:41,620 [Worker-36: Building] INFO  o.e.m.c.i.embedder.EclipseLogger - Using 'UTF-8' encoding to copy filtered resources.
2022-09-14 12:45:41,620 [Worker-36: Building] INFO  o.e.m.c.i.embedder.EclipseLogger - skip non existing resourceDirectory C:\Users\sunilg\eclipse-workspace11\JsonPartsOnly\JsonProjects\src\test\resources
2022-09-14 12:45:56,795 [Worker-34: Building] INFO  o.e.m.c.i.embedder.EclipseLogger - Using 'UTF-8' encoding to copy filtered resources.
2022-09-14 12:45:56,796 [Worker-34: Building] INFO  o.e.m.c.i.embedder.EclipseLogger - skip non existing resourceDirectory C:\Users\sunilg\eclipse-workspace11\JsonPartsOnly\JsonProjects\src\main\resources
2022-09-14 12:45:56,797 [Worker-34: Building] INFO  o.e.m.c.i.embedder.EclipseLogger - Using 'UTF-8' encoding to copy filtered resources.
2022-09-14 12:45:56,798 [Worker-34: Building] INFO  o.e.m.c.i.embedder.EclipseLogger - skip non existing resourceDirectory C:\Users\sunilg\eclipse-workspace11\JsonPartsOnly\JsonProjects\src\test\resources
2022-09-14 12:55:06,359 [Worker-36: Building] INFO  o.e.m.c.i.embedder.EclipseLogger - Using 'UTF-8' encoding to copy filtered resources.
2022-09-14 12:55:06,360 [Worker-36: Building] INFO  o.e.m.c.i.embedder.EclipseLogger - skip non existing resourceDirectory C:\Users\sunilg\eclipse-workspace11\JsonPartsOnly\JsonProjects\src\main\resources
2022-09-14 12:55:06,362 [Worker-36: Building] INFO  o.e.m.c.i.embedder.EclipseLogger - Using 'UTF-8' encoding to copy filtered resources.
2022-09-14 12:55:06,363 [Worker-36: Building] INFO  o.e.m.c.i.embedder.EclipseLogger - skip non existing resourceDirectory C:\Users\sunilg\eclipse-workspace11\JsonPartsOnly\JsonProjects\src\test\resources
2022-09-14 14:04:54,697 [Worker-3: Loading available Gradle versions] INFO  o.e.b.c.i.u.g.PublishedGradleVersions - Gradle version information cache is up-to-date. Trying to read.
2022-09-14 14:04:57,120 [Worker-0: Building] INFO  o.e.m.c.i.embedder.EclipseLogger - Using 'UTF-8' encoding to copy filtered resources.
2022-09-14 14:04:57,132 [Worker-0: Building] INFO  o.e.m.c.i.embedder.EclipseLogger - skip non existing resourceDirectory C:\Users\sunilg\eclipse-workspace11\JsonPartsOnly\JsonProjects\src\main\resources
2022-09-14 14:04:57,135 [Worker-0: Building] INFO  o.e.m.c.i.embedder.EclipseLogger - Using 'UTF-8' encoding to copy filtered resources.
2022-09-14 14:04:57,135 [Worker-0: Building] INFO  o.e.m.c.i.embedder.EclipseLogger - skip non existing resourceDirectory C:\Users\sunilg\eclipse-workspace11\JsonPartsOnly\JsonProjects\src\test\resources
2022-09-14 14:05:35,576 [Worker-13: Building] INFO  o.e.m.c.i.embedder.EclipseLogger - Using 'UTF-8' encoding to copy filtered resources.
2022-09-14 14:05:35,577 [Worker-13: Building] INFO  o.e.m.c.i.embedder.EclipseLogger - skip non existing resourceDirectory C:\Users\sunilg\eclipse-workspace11\JsonPartsOnly\JsonProjects\src\main\resources
2022-09-14 14:05:35,579 [Worker-13: Building] INFO  o.e.m.c.i.embedder.EclipseLogger - Using 'UTF-8' encoding to copy filtered resources.
2022-09-14 14:05:35,579 [Worker-13: Building] INFO  o.e.m.c.i.embedder.EclipseLogger - skip non existing resourceDirectory C:\Users\sunilg\eclipse-workspace11\JsonPartsOnly\JsonProjects\src\test\resources
2022-09-14 14:18:05,113 [Worker-31: Building] INFO  o.e.m.c.i.embedder.EclipseLogger - Using 'UTF-8' encoding to copy filtered resources.
2022-09-14 14:18:05,113 [Worker-31: Building] INFO  o.e.m.c.i.embedder.EclipseLogger - skip non existing resourceDirectory C:\Users\sunilg\eclipse-workspace11\JsonPartsOnly\JsonProjects\src\main\resources
2022-09-14 14:18:05,114 [Worker-31: Building] INFO  o.e.m.c.i.embedder.EclipseLogger - Using 'UTF-8' encoding to copy filtered resources.
2022-09-14 14:18:05,115 [Worker-31: Building] INFO  o.e.m.c.i.embedder.EclipseLogger - skip non existing resourceDirectory C:\Users\sunilg\eclipse-workspace11\JsonPartsOnly\JsonProjects\src\test\resources
2022-09-14 14:20:16,621 [Worker-26: Building] INFO  o.e.m.c.i.embedder.EclipseLogger - Using 'UTF-8' encoding to copy filtered resources.
2022-09-14 14:20:16,622 [Worker-26: Building] INFO  o.e.m.c.i.embedder.EclipseLogger - skip non existing resourceDirectory C:\Users\sunilg\eclipse-workspace11\JsonPartsOnly\JsonProjects\src\main\resources
2022-09-14 14:20:16,623 [Worker-26: Building] INFO  o.e.m.c.i.embedder.EclipseLogger - Using 'UTF-8' encoding to copy filtered resources.
2022-09-14 14:20:16,623 [Worker-26: Building] INFO  o.e.m.c.i.embedder.EclipseLogger - skip non existing resourceDirectory C:\Users\sunilg\eclipse-workspace11\JsonPartsOnly\JsonProjects\src\test\resources
2022-09-14 14:25:26,501 [Worker-35: Building] INFO  o.e.m.c.i.embedder.EclipseLogger - Using 'UTF-8' encoding to copy filtered resources.
2022-09-14 14:25:26,501 [Worker-35: Building] INFO  o.e.m.c.i.embedder.EclipseLogger - skip non existing resourceDirectory C:\Users\sunilg\eclipse-workspace11\JsonPartsOnly\JsonProjects\src\main\resources
2022-09-14 14:25:26,502 [Worker-35: Building] INFO  o.e.m.c.i.embedder.EclipseLogger - Using 'UTF-8' encoding to copy filtered resources.
2022-09-14 14:25:26,503 [Worker-35: Building] INFO  o.e.m.c.i.embedder.EclipseLogger - skip non existing resourceDirectory C:\Users\sunilg\eclipse-workspace11\JsonPartsOnly\JsonProjects\src\test\resources
2022-09-14 14:27:01,580 [Worker-33: Building] INFO  o.e.m.c.i.embedder.EclipseLogger - Using 'UTF-8' encoding to copy filtered resources.
2022-09-14 14:27:01,580 [Worker-33: Building] INFO  o.e.m.c.i.embedder.EclipseLogger - skip non existing resourceDirectory C:\Users\sunilg\eclipse-workspace11\JsonPartsOnly\JsonProjects\src\main\resources
2022-09-14 14:27:01,581 [Worker-33: Building] INFO  o.e.m.c.i.embedder.EclipseLogger - Using 'UTF-8' encoding to copy filtered resources.
2022-09-14 14:27:01,581 [Worker-33: Building] INFO  o.e.m.c.i.embedder.EclipseLogger - skip non existing resourceDirectory C:\Users\sunilg\eclipse-workspace11\JsonPartsOnly\JsonProjects\src\test\resources
2022-09-14 14:27:08,069 [Worker-35: Building] INFO  o.e.m.c.i.embedder.EclipseLogger - Using 'UTF-8' encoding to copy filtered resources.
2022-09-14 14:27:08,069 [Worker-35: Building] INFO  o.e.m.c.i.embedder.EclipseLogger - skip non existing resourceDirectory C:\Users\sunilg\eclipse-workspace11\JsonPartsOnly\JsonProjects\src\main\resources
2022-09-14 14:27:08,070 [Worker-35: Building] INFO  o.e.m.c.i.embedder.EclipseLogger - Using 'UTF-8' encoding to copy filtered resources.
2022-09-14 14:27:08,070 [Worker-35: Building] INFO  o.e.m.c.i.embedder.EclipseLogger - skip non existing resourceDirectory C:\Users\sunilg\eclipse-workspace11\JsonPartsOnly\JsonProjects\src\test\resources
2022-09-14 14:31:37,647 [Worker-33: Building] INFO  o.e.m.c.i.embedder.EclipseLogger - Using 'UTF-8' encoding to copy filtered resources.
2022-09-14 14:31:37,647 [Worker-33: Building] INFO  o.e.m.c.i.embedder.EclipseLogger - skip non existing resourceDirectory C:\Users\sunilg\eclipse-workspace11\JsonPartsOnly\JsonProjects\src\main\resources
2022-09-14 14:31:37,648 [Worker-33: Building] INFO  o.e.m.c.i.embedder.EclipseLogger - Using 'UTF-8' encoding to copy filtered resources.
2022-09-14 14:31:37,648 [Worker-33: Building] INFO  o.e.m.c.i.embedder.EclipseLogger - skip non existing resourceDirectory C:\Users\sunilg\eclipse-workspace11\JsonPartsOnly\JsonProjects\src\test\resources
2022-09-14 14:32:41,157 [Worker-33: Building] INFO  o.e.m.c.i.embedder.EclipseLogger - Using 'UTF-8' encoding to copy filtered resources.
2022-09-14 14:32:41,157 [Worker-33: Building] INFO  o.e.m.c.i.embedder.EclipseLogger - skip non existing resourceDirectory C:\Users\sunilg\eclipse-workspace11\JsonPartsOnly\JsonProjects\src\main\resources
2022-09-14 14:32:41,158 [Worker-33: Building] INFO  o.e.m.c.i.embedder.EclipseLogger - Using 'UTF-8' encoding to copy filtered resources.
2022-09-14 14:32:41,158 [Worker-33: Building] INFO  o.e.m.c.i.embedder.EclipseLogger - skip non existing resourceDirectory C:\Users\sunilg\eclipse-workspace11\JsonPartsOnly\JsonProjects\src\test\resources
2022-09-14 14:40:49,993 [Worker-42: Building] INFO  o.e.m.c.i.embedder.EclipseLogger - Using 'UTF-8' encoding to copy filtered resources.
2022-09-14 14:40:49,993 [Worker-42: Building] INFO  o.e.m.c.i.embedder.EclipseLogger - skip non existing resourceDirectory C:\Users\sunilg\eclipse-workspace11\JsonPartsOnly\JsonProjects\src\main\resources
2022-09-14 14:40:49,994 [Worker-42: Building] INFO  o.e.m.c.i.embedder.EclipseLogger - Using 'UTF-8' encoding to copy filtered resources.
2022-09-14 14:40:49,994 [Worker-42: Building] INFO  o.e.m.c.i.embedder.EclipseLogger - skip non existing resourceDirectory C:\Users\sunilg\eclipse-workspace11\JsonPartsOnly\JsonProjects\src\test\resources
2022-09-14 14:41:54,017 [Worker-43: Building] INFO  o.e.m.c.i.embedder.EclipseLogger - Using 'UTF-8' encoding to copy filtered resources.
2022-09-14 14:41:54,017 [Worker-43: Building] INFO  o.e.m.c.i.embedder.EclipseLogger - skip non existing resourceDirectory C:\Users\sunilg\eclipse-workspace11\JsonPartsOnly\JsonProjects\src\main\resources
2022-09-14 14:41:54,018 [Worker-43: Building] INFO  o.e.m.c.i.embedder.EclipseLogger - Using 'UTF-8' encoding to copy filtered resources.
2022-09-14 14:41:54,018 [Worker-43: Building] INFO  o.e.m.c.i.embedder.EclipseLogger - skip non existing resourceDirectory C:\Users\sunilg\eclipse-workspace11\JsonPartsOnly\JsonProjects\src\test\resources
2022-09-14 14:45:57,445 [Worker-46: Building] INFO  o.e.m.c.i.embedder.EclipseLogger - Using 'UTF-8' encoding to copy filtered resources.
2022-09-14 14:45:57,445 [Worker-46: Building] INFO  o.e.m.c.i.embedder.EclipseLogger - skip non existing resourceDirectory C:\Users\sunilg\eclipse-workspace11\JsonPartsOnly\JsonProjects\src\main\resources
2022-09-14 14:45:57,446 [Worker-46: Building] INFO  o.e.m.c.i.embedder.EclipseLogger - Using 'UTF-8' encoding to copy filtered resources.
2022-09-14 14:45:57,447 [Worker-46: Building] INFO  o.e.m.c.i.embedder.EclipseLogger - skip non existing resourceDirectory C:\Users\sunilg\eclipse-workspace11\JsonPartsOnly\JsonProjects\src\test\resources
2022-09-14 14:49:12,708 [Worker-46: Building] INFO  o.e.m.c.i.l.LifecycleMappingFactory - Using org.eclipse.m2e.jdt.JarLifecycleMapping lifecycle mapping for MavenProject: Infinite:JsonProjects:0.0.1-SNAPSHOT @ C:\Users\sunilg\eclipse-workspace11\JsonPartsOnly\JsonProjects\pom.xml.
2022-09-14 14:49:13,866 [Worker-46: Building] INFO  o.e.m.c.i.e.AbstractTransferListenerAdapter - Downloading https://repo.maven.apache.org/maven2/com/fasterxml/jackson/core/jackson-core/2.5.3/jackson-core-2.5.3.pom
2022-09-14 14:49:14,055 [Worker-46: Building] INFO  o.e.m.c.i.e.AbstractTransferListenerAdapter - Downloaded https://repo.maven.apache.org/maven2/com/fasterxml/jackson/core/jackson-core/2.5.3/jackson-core-2.5.3.pom
2022-09-14 14:49:14,247 [AetherRepositoryConnector-repo.maven.apache.org-0-0] INFO  o.e.m.c.i.e.AbstractTransferListenerAdapter - Downloading https://repo.maven.apache.org/maven2/com/fasterxml/jackson/core/jackson-databind/2.5.3/jackson-databind-2.5.3.jar
2022-09-14 14:49:14,419 [AetherRepositoryConnector-repo.maven.apache.org-0-2] INFO  o.e.m.c.i.e.AbstractTransferListenerAdapter - Downloading https://repo.maven.apache.org/maven2/com/fasterxml/jackson/core/jackson-core/2.5.3/jackson-core-2.5.3.jar
2022-09-14 14:49:14,419 [AetherRepositoryConnector-repo.maven.apache.org-0-1] INFO  o.e.m.c.i.e.AbstractTransferListenerAdapter - Downloading https://repo.maven.apache.org/maven2/com/fasterxml/jackson/core/jackson-annotations/2.5.0/jackson-annotations-2.5.0.jar
2022-09-14 14:49:15,321 [AetherRepositoryConnector-repo.maven.apache.org-0-1] INFO  o.e.m.c.i.e.AbstractTransferListenerAdapter - Downloaded https://repo.maven.apache.org/maven2/com/fasterxml/jackson/core/jackson-annotations/2.5.0/jackson-annotations-2.5.0.jar
2022-09-14 14:49:16,002 [AetherRepositoryConnector-repo.maven.apache.org-0-2] INFO  o.e.m.c.i.e.AbstractTransferListenerAdapter - Downloaded https://repo.maven.apache.org/maven2/com/fasterxml/jackson/core/jackson-core/2.5.3/jackson-core-2.5.3.jar
2022-09-14 14:49:16,346 [AetherRepositoryConnector-repo.maven.apache.org-0-0] INFO  o.e.m.c.i.e.AbstractTransferListenerAdapter - Downloaded https://repo.maven.apache.org/maven2/com/fasterxml/jackson/core/jackson-databind/2.5.3/jackson-databind-2.5.3.jar
2022-09-14 14:49:16,653 [Worker-46: Building] INFO  o.e.m.c.i.embedder.EclipseLogger - Using 'UTF-8' encoding to copy filtered resources.
2022-09-14 14:49:16,653 [Worker-46: Building] INFO  o.e.m.c.i.embedder.EclipseLogger - skip non existing resourceDirectory C:\Users\sunilg\eclipse-workspace11\JsonPartsOnly\JsonProjects\src\main\resources
2022-09-14 14:49:16,655 [Worker-46: Building] INFO  o.e.m.c.i.embedder.EclipseLogger - Using 'UTF-8' encoding to copy filtered resources.
2022-09-14 14:49:16,655 [Worker-46: Building] INFO  o.e.m.c.i.embedder.EclipseLogger - skip non existing resourceDirectory C:\Users\sunilg\eclipse-workspace11\JsonPartsOnly\JsonProjects\src\test\resources
2022-09-14 14:49:18,063 [Worker-49: Building] INFO  o.e.m.c.i.embedder.EclipseLogger - Using 'UTF-8' encoding to copy filtered resources.
2022-09-14 14:49:18,063 [Worker-49: Building] INFO  o.e.m.c.i.embedder.EclipseLogger - skip non existing resourceDirectory C:\Users\sunilg\eclipse-workspace11\JsonPartsOnly\JsonProjects\src\main\resources
2022-09-14 14:49:18,064 [Worker-49: Building] INFO  o.e.m.c.i.embedder.EclipseLogger - Using 'UTF-8' encoding to copy filtered resources.
2022-09-14 14:49:18,064 [Worker-49: Building] INFO  o.e.m.c.i.embedder.EclipseLogger - skip non existing resourceDirectory C:\Users\sunilg\eclipse-workspace11\JsonPartsOnly\JsonProjects\src\test\resources
2022-09-14 14:49:18,318 [Worker-38: Download sources and javadoc] INFO  o.e.m.c.i.e.AbstractTransferListenerAdapter - Downloading https://repo.maven.apache.org/maven2/com/fasterxml/jackson/core/jackson-databind/2.5.3/jackson-databind-2.5.3-sources.jar
2022-09-14 14:49:19,771 [Worker-38: Download sources and javadoc] INFO  o.e.m.c.i.e.AbstractTransferListenerAdapter - Downloaded https://repo.maven.apache.org/maven2/com/fasterxml/jackson/core/jackson-databind/2.5.3/jackson-databind-2.5.3-sources.jar
2022-09-14 14:49:19,811 [Worker-38: Download sources and javadoc] INFO  o.e.m.j.internal.DownloadSourcesJob - Downloaded sources for com.fasterxml.jackson.core:jackson-databind:2.5.3
2022-09-14 14:49:20,551 [Worker-38: Download sources and javadoc] INFO  o.e.m.c.i.e.AbstractTransferListenerAdapter - Downloading https://repo.maven.apache.org/maven2/com/fasterxml/jackson/core/jackson-annotations/2.5.0/jackson-annotations-2.5.0-sources.jar
2022-09-14 14:49:20,930 [Worker-38: Download sources and javadoc] INFO  o.e.m.c.i.e.AbstractTransferListenerAdapter - Downloaded https://repo.maven.apache.org/maven2/com/fasterxml/jackson/core/jackson-annotations/2.5.0/jackson-annotations-2.5.0-sources.jar
2022-09-14 14:49:20,983 [Worker-38: Download sources and javadoc] INFO  o.e.m.j.internal.DownloadSourcesJob - Downloaded sources for com.fasterxml.jackson.core:jackson-annotations:2.5.0
2022-09-14 14:49:21,687 [Worker-38: Download sources and javadoc] INFO  o.e.m.c.i.e.AbstractTransferListenerAdapter - Downloading https://repo.maven.apache.org/maven2/com/fasterxml/jackson/core/jackson-core/2.5.3/jackson-core-2.5.3-sources.jar
2022-09-14 14:49:22,416 [Worker-38: Download sources and javadoc] INFO  o.e.m.c.i.e.AbstractTransferListenerAdapter - Downloaded https://repo.maven.apache.org/maven2/com/fasterxml/jackson/core/jackson-core/2.5.3/jackson-core-2.5.3-sources.jar
2022-09-14 14:49:22,486 [Worker-38: Download sources and javadoc] INFO  o.e.m.j.internal.DownloadSourcesJob - Downloaded sources for com.fasterxml.jackson.core:jackson-core:2.5.3
2022-09-14 14:49:22,639 [Worker-50: Building] INFO  o.e.m.c.i.embedder.EclipseLogger - Using 'UTF-8' encoding to copy filtered resources.
2022-09-14 14:49:22,639 [Worker-50: Building] INFO  o.e.m.c.i.embedder.EclipseLogger - skip non existing resourceDirectory C:\Users\sunilg\eclipse-workspace11\JsonPartsOnly\JsonProjects\src\main\resources
2022-09-14 14:49:22,640 [Worker-50: Building] INFO  o.e.m.c.i.embedder.EclipseLogger - Using 'UTF-8' encoding to copy filtered resources.
2022-09-14 14:49:22,640 [Worker-50: Building] INFO  o.e.m.c.i.embedder.EclipseLogger - skip non existing resourceDirectory C:\Users\sunilg\eclipse-workspace11\JsonPartsOnly\JsonProjects\src\test\resources
2022-09-14 14:51:08,692 [Worker-38: Building] INFO  o.e.m.c.i.embedder.EclipseLogger - Using 'UTF-8' encoding to copy filtered resources.
2022-09-14 14:51:08,693 [Worker-38: Building] INFO  o.e.m.c.i.embedder.EclipseLogger - skip non existing resourceDirectory C:\Users\sunilg\eclipse-workspace11\JsonPartsOnly\JsonProjects\src\main\resources
2022-09-14 14:51:08,694 [Worker-38: Building] INFO  o.e.m.c.i.embedder.EclipseLogger - Using 'UTF-8' encoding to copy filtered resources.
2022-09-14 14:51:08,694 [Worker-38: Building] INFO  o.e.m.c.i.embedder.EclipseLogger - skip non existing resourceDirectory C:\Users\sunilg\eclipse-workspace11\JsonPartsOnly\JsonProjects\src\test\resources
2022-09-14 15:00:29,685 [Worker-54: Building] INFO  o.e.m.c.i.embedder.EclipseLogger - Using 'UTF-8' encoding to copy filtered resources.
2022-09-14 15:00:29,686 [Worker-54: Building] INFO  o.e.m.c.i.embedder.EclipseLogger - skip non existing resourceDirectory C:\Users\sunilg\eclipse-workspace11\JsonPartsOnly\JsonProjects\src\main\resources
2022-09-14 15:00:29,686 [Worker-54: Building] INFO  o.e.m.c.i.embedder.EclipseLogger - Using 'UTF-8' encoding to copy filtered resources.
2022-09-14 15:00:29,686 [Worker-54: Building] INFO  o.e.m.c.i.embedder.EclipseLogger - skip non existing resourceDirectory C:\Users\sunilg\eclipse-workspace11\JsonPartsOnly\JsonProjects\src\test\resources
2022-09-14 15:07:48,088 [Worker-56: Building] INFO  o.e.m.c.i.embedder.EclipseLogger - Using 'UTF-8' encoding to copy filtered resources.
2022-09-14 15:07:48,089 [Worker-56: Building] INFO  o.e.m.c.i.embedder.EclipseLogger - skip non existing resourceDirectory C:\Users\sunilg\eclipse-workspace11\JsonPartsOnly\JsonProjects\src\main\resources
2022-09-14 15:07:48,089 [Worker-56: Building] INFO  o.e.m.c.i.embedder.EclipseLogger - Using 'UTF-8' encoding to copy filtered resources.
2022-09-14 15:07:48,089 [Worker-56: Building] INFO  o.e.m.c.i.embedder.EclipseLogger - skip non existing resourceDirectory C:\Users\sunilg\eclipse-workspace11\JsonPartsOnly\JsonProjects\src\test\resources
2022-09-14 15:08:28,115 [Worker-57: Building] INFO  o.e.m.c.i.embedder.EclipseLogger - Using 'UTF-8' encoding to copy filtered resources.
2022-09-14 15:08:28,115 [Worker-57: Building] INFO  o.e.m.c.i.embedder.EclipseLogger - skip non existing resourceDirectory C:\Users\sunilg\eclipse-workspace11\JsonPartsOnly\JsonProjects\src\main\resources
2022-09-14 15:08:28,115 [Worker-57: Building] INFO  o.e.m.c.i.embedder.EclipseLogger - Using 'UTF-8' encoding to copy filtered resources.
2022-09-14 15:08:28,116 [Worker-57: Building] INFO  o.e.m.c.i.embedder.EclipseLogger - skip non existing resourceDirectory C:\Users\sunilg\eclipse-workspace11\JsonPartsOnly\JsonProjects\src\test\resources
2022-09-14 15:10:33,946 [Worker-59: Building] INFO  o.e.m.c.i.embedder.EclipseLogger - Using 'UTF-8' encoding to copy filtered resources.
2022-09-14 15:10:33,946 [Worker-59: Building] INFO  o.e.m.c.i.embedder.EclipseLogger - skip non existing resourceDirectory C:\Users\sunilg\eclipse-workspace11\JsonPartsOnly\JsonProjects\src\main\resources
2022-09-14 15:10:33,947 [Worker-59: Building] INFO  o.e.m.c.i.embedder.EclipseLogger - Using 'UTF-8' encoding to copy filtered resources.
2022-09-14 15:10:33,948 [Worker-59: Building] INFO  o.e.m.c.i.embedder.EclipseLogger - skip non existing resourceDirectory C:\Users\sunilg\eclipse-workspace11\JsonPartsOnly\JsonProjects\src\test\resources
2022-09-14 15:15:43,593 [Worker-58: Building] INFO  o.e.m.c.i.l.LifecycleMappingFactory - Using org.eclipse.m2e.jdt.JarLifecycleMapping lifecycle mapping for MavenProject: Infinite:JsonProjects:0.0.1-SNAPSHOT @ C:\Users\sunilg\eclipse-workspace11\JsonPartsOnly\JsonProjects\pom.xml.
2022-09-14 15:15:43,726 [Worker-58: Building] INFO  o.e.m.c.i.embedder.EclipseLogger - Using 'UTF-8' encoding to copy filtered resources.
2022-09-14 15:15:43,726 [Worker-58: Building] INFO  o.e.m.c.i.embedder.EclipseLogger - skip non existing resourceDirectory C:\Users\sunilg\eclipse-workspace11\JsonPartsOnly\JsonProjects\src\main\resources
2022-09-14 15:15:43,727 [Worker-58: Building] INFO  o.e.m.c.i.embedder.EclipseLogger - Using 'UTF-8' encoding to copy filtered resources.
2022-09-14 15:15:43,727 [Worker-58: Building] INFO  o.e.m.c.i.embedder.EclipseLogger - skip non existing resourceDirectory C:\Users\sunilg\eclipse-workspace11\JsonPartsOnly\JsonProjects\src\test\resources
2022-09-14 15:15:44,993 [Worker-58: Building] INFO  o.e.m.c.i.embedder.EclipseLogger - Using 'UTF-8' encoding to copy filtered resources.
2022-09-14 15:15:44,993 [Worker-58: Building] INFO  o.e.m.c.i.embedder.EclipseLogger - skip non existing resourceDirectory C:\Users\sunilg\eclipse-workspace11\JsonPartsOnly\JsonProjects\src\main\resources
2022-09-14 15:15:44,993 [Worker-58: Building] INFO  o.e.m.c.i.embedder.EclipseLogger - Using 'UTF-8' encoding to copy filtered resources.
2022-09-14 15:15:44,995 [Worker-58: Building] INFO  o.e.m.c.i.embedder.EclipseLogger - skip non existing resourceDirectory C:\Users\sunilg\eclipse-workspace11\JsonPartsOnly\JsonProjects\src\test\resources
2022-09-14 15:18:31,243 [Worker-59: Building] INFO  o.e.m.c.i.embedder.EclipseLogger - Using 'UTF-8' encoding to copy filtered resources.
2022-09-14 15:18:31,243 [Worker-59: Building] INFO  o.e.m.c.i.embedder.EclipseLogger - skip non existing resourceDirectory C:\Users\sunilg\eclipse-workspace11\JsonPartsOnly\JsonProjects\src\main\resources
2022-09-14 15:18:31,244 [Worker-59: Building] INFO  o.e.m.c.i.embedder.EclipseLogger - Using 'UTF-8' encoding to copy filtered resources.
2022-09-14 15:18:31,244 [Worker-59: Building] INFO  o.e.m.c.i.embedder.EclipseLogger - skip non existing resourceDirectory C:\Users\sunilg\eclipse-workspace11\JsonPartsOnly\JsonProjects\src\test\resources
2022-09-14 15:19:02,445 [Worker-63: Building] INFO  o.e.m.c.i.embedder.EclipseLogger - Using 'UTF-8' encoding to copy filtered resources.
2022-09-14 15:19:02,445 [Worker-63: Building] INFO  o.e.m.c.i.embedder.EclipseLogger - skip non existing resourceDirectory C:\Users\sunilg\eclipse-workspace11\JsonPartsOnly\JsonProjects\src\main\resources
2022-09-14 15:19:02,446 [Worker-63: Building] INFO  o.e.m.c.i.embedder.EclipseLogger - Using 'UTF-8' encoding to copy filtered resources.
2022-09-14 15:19:02,446 [Worker-63: Building] INFO  o.e.m.c.i.embedder.EclipseLogger - skip non existing resourceDirectory C:\Users\sunilg\eclipse-workspace11\JsonPartsOnly\JsonProjects\src\test\resources
2022-09-14 15:19:24,480 [Worker-59: Building] INFO  o.e.m.c.i.embedder.EclipseLogger - Using 'UTF-8' encoding to copy filtered resources.
2022-09-14 15:19:24,480 [Worker-59: Building] INFO  o.e.m.c.i.embedder.EclipseLogger - skip non existing resourceDirectory C:\Users\sunilg\eclipse-workspace11\JsonPartsOnly\JsonProjects\src\main\resources
2022-09-14 15:19:24,481 [Worker-59: Building] INFO  o.e.m.c.i.embedder.EclipseLogger - Using 'UTF-8' encoding to copy filtered resources.
2022-09-14 15:19:24,481 [Worker-59: Building] INFO  o.e.m.c.i.embedder.EclipseLogger - skip non existing resourceDirectory C:\Users\sunilg\eclipse-workspace11\JsonPartsOnly\JsonProjects\src\test\resources
2022-09-14 15:19:55,169 [Worker-59: Building] INFO  o.e.m.c.i.embedder.EclipseLogger - Using 'UTF-8' encoding to copy filtered resources.
2022-09-14 15:19:55,169 [Worker-59: Building] INFO  o.e.m.c.i.embedder.EclipseLogger - skip non existing resourceDirectory C:\Users\sunilg\eclipse-workspace11\JsonPartsOnly\JsonProjects\src\main\resources
2022-09-14 15:19:55,169 [Worker-59: Building] INFO  o.e.m.c.i.embedder.EclipseLogger - Using 'UTF-8' encoding to copy filtered resources.
2022-09-14 15:19:55,169 [Worker-59: Building] INFO  o.e.m.c.i.embedder.EclipseLogger - skip non existing resourceDirectory C:\Users\sunilg\eclipse-workspace11\JsonPartsOnly\JsonProjects\src\test\resources
2022-09-14 15:20:08,997 [Worker-62: Building] INFO  o.e.m.c.i.embedder.EclipseLogger - Using 'UTF-8' encoding to copy filtered resources.
2022-09-14 15:20:08,997 [Worker-62: Building] INFO  o.e.m.c.i.embedder.EclipseLogger - skip non existing resourceDirectory C:\Users\sunilg\eclipse-workspace11\JsonPartsOnly\JsonProjects\src\main\resources
2022-09-14 15:20:08,997 [Worker-62: Building] INFO  o.e.m.c.i.embedder.EclipseLogger - Using 'UTF-8' encoding to copy filtered resources.
2022-09-14 15:20:08,997 [Worker-62: Building] INFO  o.e.m.c.i.embedder.EclipseLogger - skip non existing resourceDirectory C:\Users\sunilg\eclipse-workspace11\JsonPartsOnly\JsonProjects\src\test\resources
2022-09-14 15:20:22,742 [Worker-58: Building] INFO  o.e.m.c.i.embedder.EclipseLogger - Using 'UTF-8' encoding to copy filtered resources.
2022-09-14 15:20:22,742 [Worker-58: Building] INFO  o.e.m.c.i.embedder.EclipseLogger - skip non existing resourceDirectory C:\Users\sunilg\eclipse-workspace11\JsonPartsOnly\JsonProjects\src\main\resources
2022-09-14 15:20:22,743 [Worker-58: Building] INFO  o.e.m.c.i.embedder.EclipseLogger - Using 'UTF-8' encoding to copy filtered resources.
2022-09-14 15:20:22,743 [Worker-58: Building] INFO  o.e.m.c.i.embedder.EclipseLogger - skip non existing resourceDirectory C:\Users\sunilg\eclipse-workspace11\JsonPartsOnly\JsonProjects\src\test\resources
2022-09-14 15:21:10,894 [Worker-61: Building] INFO  o.e.m.c.i.embedder.EclipseLogger - Using 'UTF-8' encoding to copy filtered resources.
2022-09-14 15:21:10,895 [Worker-61: Building] INFO  o.e.m.c.i.embedder.EclipseLogger - skip non existing resourceDirectory C:\Users\sunilg\eclipse-workspace11\JsonPartsOnly\JsonProjects\src\main\resources
2022-09-14 15:21:10,895 [Worker-61: Building] INFO  o.e.m.c.i.embedder.EclipseLogger - Using 'UTF-8' encoding to copy filtered resources.
2022-09-14 15:21:10,895 [Worker-61: Building] INFO  o.e.m.c.i.embedder.EclipseLogger - skip non existing resourceDirectory C:\Users\sunilg\eclipse-workspace11\JsonPartsOnly\JsonProjects\src\test\resources
2022-09-14 15:21:34,585 [Worker-58: Building] INFO  o.e.m.c.i.embedder.EclipseLogger - Using 'UTF-8' encoding to copy filtered resources.
2022-09-14 15:21:34,585 [Worker-58: Building] INFO  o.e.m.c.i.embedder.EclipseLogger - skip non existing resourceDirectory C:\Users\sunilg\eclipse-workspace11\JsonPartsOnly\JsonProjects\src\main\resources
2022-09-14 15:21:34,585 [Worker-58: Building] INFO  o.e.m.c.i.embedder.EclipseLogger - Using 'UTF-8' encoding to copy filtered resources.
2022-09-14 15:21:34,585 [Worker-58: Building] INFO  o.e.m.c.i.embedder.EclipseLogger - skip non existing resourceDirectory C:\Users\sunilg\eclipse-workspace11\JsonPartsOnly\JsonProjects\src\test\resources
2022-09-14 15:21:45,852 [Worker-58: Building] INFO  o.e.m.c.i.embedder.EclipseLogger - Using 'UTF-8' encoding to copy filtered resources.
2022-09-14 15:21:45,852 [Worker-58: Building] INFO  o.e.m.c.i.embedder.EclipseLogger - skip non existing resourceDirectory C:\Users\sunilg\eclipse-workspace11\JsonPartsOnly\JsonProjects\src\main\resources
2022-09-14 15:21:45,852 [Worker-58: Building] INFO  o.e.m.c.i.embedder.EclipseLogger - Using 'UTF-8' encoding to copy filtered resources.
2022-09-14 15:21:45,854 [Worker-58: Building] INFO  o.e.m.c.i.embedder.EclipseLogger - skip non existing resourceDirectory C:\Users\sunilg\eclipse-workspace11\JsonPartsOnly\JsonProjects\src\test\resources
2022-09-14 16:16:40,287 [Worker-78: Building] INFO  o.e.m.c.i.embedder.EclipseLogger - Using 'UTF-8' encoding to copy filtered resources.
2022-09-14 16:16:40,287 [Worker-78: Building] INFO  o.e.m.c.i.embedder.EclipseLogger - skip non existing resourceDirectory C:\Users\sunilg\eclipse-workspace11\JsonPartsOnly\JsonProjects\src\main\resources
2022-09-14 16:16:40,288 [Worker-78: Building] INFO  o.e.m.c.i.embedder.EclipseLogger - Using 'UTF-8' encoding to copy filtered resources.
2022-09-14 16:16:40,289 [Worker-78: Building] INFO  o.e.m.c.i.embedder.EclipseLogger - skip non existing resourceDirectory C:\Users\sunilg\eclipse-workspace11\JsonPartsOnly\JsonProjects\src\test\resources
2022-09-14 16:24:02,215 [Worker-71: Building] INFO  o.e.m.c.i.embedder.EclipseLogger - Using 'UTF-8' encoding to copy filtered resources.
2022-09-14 16:24:02,215 [Worker-71: Building] INFO  o.e.m.c.i.embedder.EclipseLogger - skip non existing resourceDirectory C:\Users\sunilg\eclipse-workspace11\JsonPartsOnly\JsonProjects\src\main\resources
2022-09-14 16:24:02,215 [Worker-71: Building] INFO  o.e.m.c.i.embedder.EclipseLogger - Using 'UTF-8' encoding to copy filtered resources.
2022-09-14 16:24:02,215 [Worker-71: Building] INFO  o.e.m.c.i.embedder.EclipseLogger - skip non existing resourceDirectory C:\Users\sunilg\eclipse-workspace11\JsonPartsOnly\JsonProjects\src\test\resources
2022-09-14 16:24:32,530 [Worker-77: Building] INFO  o.e.m.c.i.embedder.EclipseLogger - Using 'UTF-8' encoding to copy filtered resources.
2022-09-14 16:24:32,530 [Worker-77: Building] INFO  o.e.m.c.i.embedder.EclipseLogger - skip non existing resourceDirectory C:\Users\sunilg\eclipse-workspace11\JsonPartsOnly\JsonProjects\src\main\resources
2022-09-14 16:24:32,531 [Worker-77: Building] INFO  o.e.m.c.i.embedder.EclipseLogger - Using 'UTF-8' encoding to copy filtered resources.
2022-09-14 16:24:32,531 [Worker-77: Building] INFO  o.e.m.c.i.embedder.EclipseLogger - skip non existing resourceDirectory C:\Users\sunilg\eclipse-workspace11\JsonPartsOnly\JsonProjects\src\test\resources
2022-09-14 16:25:48,276 [Worker-77: Building] INFO  o.e.m.c.i.embedder.EclipseLogger - Using 'UTF-8' encoding to copy filtered resources.
2022-09-14 16:25:48,277 [Worker-77: Building] INFO  o.e.m.c.i.embedder.EclipseLogger - skip non existing resourceDirectory C:\Users\sunilg\eclipse-workspace11\JsonPartsOnly\JsonProjects\src\main\resources
2022-09-14 16:25:48,277 [Worker-77: Building] INFO  o.e.m.c.i.embedder.EclipseLogger - Using 'UTF-8' encoding to copy filtered resources.
2022-09-14 16:25:48,277 [Worker-77: Building] INFO  o.e.m.c.i.embedder.EclipseLogger - skip non existing resourceDirectory C:\Users\sunilg\eclipse-workspace11\JsonPartsOnly\JsonProjects\src\test\resources
2022-09-14 16:26:06,980 [Worker-81: Building] INFO  o.e.m.c.i.embedder.EclipseLogger - Using 'UTF-8' encoding to copy filtered resources.
2022-09-14 16:26:06,980 [Worker-81: Building] INFO  o.e.m.c.i.embedder.EclipseLogger - skip non existing resourceDirectory C:\Users\sunilg\eclipse-workspace11\JsonPartsOnly\JsonProjects\src\main\resources
2022-09-14 16:26:06,982 [Worker-81: Building] INFO  o.e.m.c.i.embedder.EclipseLogger - Using 'UTF-8' encoding to copy filtered resources.
2022-09-14 16:26:06,982 [Worker-81: Building] INFO  o.e.m.c.i.embedder.EclipseLogger - skip non existing resourceDirectory C:\Users\sunilg\eclipse-workspace11\JsonPartsOnly\JsonProjects\src\test\resources
2022-09-14 16:26:48,658 [Worker-80: Building] INFO  o.e.m.c.i.embedder.EclipseLogger - Using 'UTF-8' encoding to copy filtered resources.
2022-09-14 16:26:48,659 [Worker-80: Building] INFO  o.e.m.c.i.embedder.EclipseLogger - skip non existing resourceDirectory C:\Users\sunilg\eclipse-workspace11\JsonPartsOnly\JsonProjects\src\main\resources
2022-09-14 16:26:48,659 [Worker-80: Building] INFO  o.e.m.c.i.embedder.EclipseLogger - Using 'UTF-8' encoding to copy filtered resources.
2022-09-14 16:26:48,659 [Worker-80: Building] INFO  o.e.m.c.i.embedder.EclipseLogger - skip non existing resourceDirectory C:\Users\sunilg\eclipse-workspace11\JsonPartsOnly\JsonProjects\src\test\resources
2022-09-14 16:29:33,856 [Worker-84: Building] INFO  o.e.m.c.i.embedder.EclipseLogger - Using 'UTF-8' encoding to copy filtered resources.
2022-09-14 16:29:33,857 [Worker-84: Building] INFO  o.e.m.c.i.embedder.EclipseLogger - skip non existing resourceDirectory C:\Users\sunilg\eclipse-workspace11\JsonPartsOnly\JsonProjects\src\main\resources
2022-09-14 16:29:33,858 [Worker-84: Building] INFO  o.e.m.c.i.embedder.EclipseLogger - Using 'UTF-8' encoding to copy filtered resources.
2022-09-14 16:29:33,858 [Worker-84: Building] INFO  o.e.m.c.i.embedder.EclipseLogger - skip non existing resourceDirectory C:\Users\sunilg\eclipse-workspace11\JsonPartsOnly\JsonProjects\src\test\resources
2022-09-14 16:30:25,519 [Worker-84: Building] INFO  o.e.m.c.i.embedder.EclipseLogger - Using 'UTF-8' encoding to copy filtered resources.
2022-09-14 16:30:25,520 [Worker-84: Building] INFO  o.e.m.c.i.embedder.EclipseLogger - skip non existing resourceDirectory C:\Users\sunilg\eclipse-workspace11\JsonPartsOnly\JsonProjects\src\main\resources
2022-09-14 16:30:25,520 [Worker-84: Building] INFO  o.e.m.c.i.embedder.EclipseLogger - Using 'UTF-8' encoding to copy filtered resources.
2022-09-14 16:30:25,520 [Worker-84: Building] INFO  o.e.m.c.i.embedder.EclipseLogger - skip non existing resourceDirectory C:\Users\sunilg\eclipse-workspace11\JsonPartsOnly\JsonProjects\src\test\resources
2022-09-14 16:31:39,928 [Worker-84: Launching ReadingDataFromJSON] INFO  o.e.m.c.i.embedder.EclipseLogger - Using 'UTF-8' encoding to copy filtered resources.
2022-09-14 16:31:39,928 [Worker-84: Launching ReadingDataFromJSON] INFO  o.e.m.c.i.embedder.EclipseLogger - skip non existing resourceDirectory C:\Users\sunilg\eclipse-workspace11\JsonPartsOnly\JsonProjects\src\main\resources
2022-09-14 16:31:39,929 [Worker-84: Launching ReadingDataFromJSON] INFO  o.e.m.c.i.embedder.EclipseLogger - Using 'UTF-8' encoding to copy filtered resources.
2022-09-14 16:31:39,929 [Worker-84: Launching ReadingDataFromJSON] INFO  o.e.m.c.i.embedder.EclipseLogger - skip non existing resourceDirectory C:\Users\sunilg\eclipse-workspace11\JsonPartsOnly\JsonProjects\src\test\resources
2022-09-14 16:41:22,970 [Worker-90: Launching ReadingDataFromJSON] INFO  o.e.m.c.i.embedder.EclipseLogger - Using 'UTF-8' encoding to copy filtered resources.
2022-09-14 16:41:22,971 [Worker-90: Launching ReadingDataFromJSON] INFO  o.e.m.c.i.embedder.EclipseLogger - skip non existing resourceDirectory C:\Users\sunilg\eclipse-workspace11\JsonPartsOnly\JsonProjects\src\main\resources
2022-09-14 16:41:22,972 [Worker-90: Launching ReadingDataFromJSON] INFO  o.e.m.c.i.embedder.EclipseLogger - Using 'UTF-8' encoding to copy filtered resources.
2022-09-14 16:41:22,972 [Worker-90: Launching ReadingDataFromJSON] INFO  o.e.m.c.i.embedder.EclipseLogger - skip non existing resourceDirectory C:\Users\sunilg\eclipse-workspace11\JsonPartsOnly\JsonProjects\src\test\resources
2022-09-14 17:55:04,151 [Worker-112: Building] INFO  o.e.m.c.i.embedder.EclipseLogger - Using 'UTF-8' encoding to copy filtered resources.
2022-09-14 17:55:04,152 [Worker-112: Building] INFO  o.e.m.c.i.embedder.EclipseLogger - skip non existing resourceDirectory C:\Users\sunilg\eclipse-workspace11\JsonPartsOnly\JsonProjects\src\main\resources
2022-09-14 17:55:04,153 [Worker-112: Building] INFO  o.e.m.c.i.embedder.EclipseLogger - Using 'UTF-8' encoding to copy filtered resources.
2022-09-14 17:55:04,154 [Worker-112: Building] INFO  o.e.m.c.i.embedder.EclipseLogger - skip non existing resourceDirectory C:\Users\sunilg\eclipse-workspace11\JsonPartsOnly\JsonProjects\src\test\resources
2022-09-14 20:15:11,126 [Worker-3: Loading available Gradle versions] INFO  o.e.b.c.i.u.g.PublishedGradleVersions - Gradle version information cache is up-to-date. Trying to read.
2022-09-14 20:23:54,243 [Worker-25: Building] INFO  o.e.m.c.i.embedder.EclipseLogger - Using 'UTF-8' encoding to copy filtered resources.
2022-09-14 20:23:54,245 [Worker-25: Building] INFO  o.e.m.c.i.embedder.EclipseLogger - skip non existing resourceDirectory C:\Users\sunilg\eclipse-workspace11\JsonPartsOnly\JsonProjects\src\main\resources
2022-09-14 20:23:54,246 [Worker-25: Building] INFO  o.e.m.c.i.embedder.EclipseLogger - Using 'UTF-8' encoding to copy filtered resources.
2022-09-14 20:23:54,246 [Worker-25: Building] INFO  o.e.m.c.i.embedder.EclipseLogger - skip non existing resourceDirectory C:\Users\sunilg\eclipse-workspace11\JsonPartsOnly\JsonProjects\src\test\resources
2022-09-15 09:49:15,020 [Worker-0: Loading available Gradle versions] INFO  o.e.b.c.i.u.g.PublishedGradleVersions - Gradle version information cache is out-of-date. Trying to update.
2022-09-15 09:49:15,685 [Worker-0: Loading available Gradle versions] INFO  o.e.b.c.i.u.g.PublishedGradleVersions - Updating Gradle version information cache failed. Using outdated cache.
